<?xml version="1.0" encoding="UTF-8"?>
<!-- Generated by org.testng.reporters.JUnitXMLReporter -->
<testsuite hostname="测试PC2" ignored="0" name="Default test" tests="3" failures="0" timestamp="08 九月 2020 01:34:14 GMT" time="3.609" errors="0">
  <testcase name="test" time="2.786" classname="testInterface.cases.BaseProcessor"/>
  <testcase name="test" time="0.088" classname="testInterface.cases.BaseProcessor"/>
  <testcase name="test" time="0.099" classname="testInterface.cases.BaseProcessor"/>
</testsuite> <!-- Default test -->
