<?xml version="1.0" encoding="UTF-8"?>
<!-- Generated by org.testng.reporters.JUnitXMLReporter -->
<testsuite hostname="测试PC2" ignored="0" name="getCategory" tests="3" failures="0" timestamp="07 九月 2020 08:33:30 GMT" time="0.277" errors="0">
  <testcase name="test" time="0.099" classname="testInterface.cases.BaseProcessor"/>
  <testcase name="test" time="0.098" classname="testInterface.cases.BaseProcessor"/>
  <testcase name="test" time="0.076" classname="testInterface.cases.BaseProcessor"/>
</testsuite> <!-- getCategory -->
