<?xml version="1.0" encoding="UTF-8"?>
<!-- Generated by org.testng.reporters.JUnitXMLReporter -->
<testsuite hostname="测试PC2" ignored="0" name="Login" tests="7" failures="0" timestamp="07 九月 2020 08:33:30 GMT" time="9.998" errors="0">
  <testcase name="test" time="3.252" classname="testInterface.cases.BaseProcessor"/>
  <testcase name="test" time="0.826" classname="testInterface.cases.BaseProcessor"/>
  <testcase name="test" time="0.845" classname="testInterface.cases.BaseProcessor"/>
  <testcase name="test" time="0.886" classname="testInterface.cases.BaseProcessor"/>
  <testcase name="test" time="0.883" classname="testInterface.cases.BaseProcessor"/>
  <testcase name="test" time="1.257" classname="testInterface.cases.BaseProcessor"/>
  <testcase name="test" time="1.375" classname="testInterface.cases.BaseProcessor"/>
</testsuite> <!-- Login -->
