<?xml version="1.0" encoding="UTF-8"?>
<!-- Generated by org.testng.reporters.JUnitXMLReporter -->
<testsuite hostname="测试PC2" ignored="0" name="Test" tests="7" failures="0" timestamp="07 七月 2020 05:48:51 GMT" time="3.078" errors="0">
  <testcase name="login" time="1.003" classname="testInterface.test_V1.BaseProcessor_2"/>
  <testcase name="login" time="0.078" classname="testInterface.test_V1.BaseProcessor_2"/>
  <testcase name="login" time="0.09" classname="testInterface.test_V1.BaseProcessor_2"/>
  <testcase name="login" time="0.089" classname="testInterface.test_V1.BaseProcessor_2"/>
  <testcase name="login" time="0.072" classname="testInterface.test_V1.BaseProcessor_2"/>
  <testcase name="login" time="0.62" classname="testInterface.test_V1.BaseProcessor_2"/>
  <testcase name="login" time="0.489" classname="testInterface.test_V1.BaseProcessor_2"/>
</testsuite> <!-- Test -->
